New log file opened at Tue Jul 21 12:05:14 CEST 2015 by 10464@ISATVIEWW026
Sending msg to client play-fork-run-b5a3eb35-0b15-47bb-af89-c5b8c7a1dae9: DetachedLogEvent(LogMessage(debug,sbt server socket logs are in: C:\github\just-play-scala\.sbtserver\connections\master.log))
Sending msg to client play-fork-run-b5a3eb35-0b15-47bb-af89-c5b8c7a1dae9: DetachedLogEvent(LogMessage(debug,sbt client logs are in: C:\github\just-play-scala\.sbtserver\connections\play-fork-run-b5a3eb35-0b15-47bb-af89-c5b8c7a1dae9.log))
Sending msg to client play-fork-run-b5a3eb35-0b15-47bb-af89-c5b8c7a1dae9: DetachedLogEvent(LogMessage(debug,sbt general server logs are in: C:\github\just-play-scala\.sbtserver\master.log))
Reading next message from client.
Got request: DaemonRequest(true)
Reading next message from client.
Sending msg to client play-fork-run-b5a3eb35-0b15-47bb-af89-c5b8c7a1dae9: (3,ReceivedResponse())
Got request: ListenToEvents()
Reading next message from client.
Sending msg to client play-fork-run-b5a3eb35-0b15-47bb-af89-c5b8c7a1dae9: BackgroundJobStarted(5,BackgroundJobInfo(1,backgroundRun,AttributeKey[sbt.BackgroundJobHandle]("backgroundRun") in Scope(Build: file:/C:/github/just-play-scala/, , Project: ProjectReference(file:/C:/github/just-play-scala/,root), Config: compile)))
Sending msg to client play-fork-run-b5a3eb35-0b15-47bb-af89-c5b8c7a1dae9: (4,ReceivedResponse())
Got request: KeyLookupRequest(root/playForkConfig)
Reading next message from client.
Sending msg to client play-fork-run-b5a3eb35-0b15-47bb-af89-c5b8c7a1dae9: (5,KeyLookupResponse(root/playForkConfig,Vector(AttributeKey[play.forkrun.protocol.ForkConfig]("playForkConfig") in Scope(Build: file:/C:/github/just-play-scala/, , Project: ProjectReference(file:/C:/github/just-play-scala/,root)))))
Got request: ListenToValue(AttributeKey[play.forkrun.protocol.ForkConfig]("playForkConfig") in Scope(Build: file:/C:/github/just-play-scala/, , Project: ProjectReference(file:/C:/github/just-play-scala/,root)))
Reading next message from client.
Sending msg to client play-fork-run-b5a3eb35-0b15-47bb-af89-c5b8c7a1dae9: (6,ReceivedResponse())
Got request: KeyExecutionRequest(AttributeKey[play.forkrun.protocol.ForkConfig]("playForkConfig") in Scope(Build: file:/C:/github/just-play-scala/, , Project: ProjectReference(file:/C:/github/just-play-scala/,root)))
Reading next message from client.
Sending msg to client play-fork-run-b5a3eb35-0b15-47bb-af89-c5b8c7a1dae9: (7,ExecutionRequestReceived(6))
Sending msg to client play-fork-run-b5a3eb35-0b15-47bb-af89-c5b8c7a1dae9: ExecutionWaiting(6,{file:/C:/github/just-play-scala/}root/*:playForkConfig,ClientInfo(b5a3eb35-0b15-47bb-af89-c5b8c7a1dae9,play-fork-run,Play Fork Run,1,Vector()))
Sending msg to client play-fork-run-b5a3eb35-0b15-47bb-af89-c5b8c7a1dae9: ExecutionStarting(6)
Sending msg to client play-fork-run-b5a3eb35-0b15-47bb-af89-c5b8c7a1dae9: DetachedLogEvent(LogMessage(debug,> {file:/C:/github/just-play-scala/}root/*:playForkConfig))
Sending msg to client play-fork-run-b5a3eb35-0b15-47bb-af89-c5b8c7a1dae9: DetachedLogEvent(LogMessage(debug,Evaluating tasks: *:playForkConfig))
Sending msg to client play-fork-run-b5a3eb35-0b15-47bb-af89-c5b8c7a1dae9: DetachedLogEvent(LogMessage(debug,Running task... Cancel: sbt.server.ServerTaskCancellation@612c98e4, check cycles: false))
Sending msg to client play-fork-run-b5a3eb35-0b15-47bb-af89-c5b8c7a1dae9: DetachedLogEvent(LogMessage(debug,cancel strategy start enabled=true lastCommand=Some(LastCommand(CommandExecutionWork(ExecutionId(6),{file:/C:/github/just-play-scala/}root/*:playForkConfig,Set(LiveClient(play-fork-run b5a3eb35-0b15-47bb-af89-c5b8c7a1dae9)),sbt.server.WorkCancellationStatus$$anon$1@1393fbc2)))))
Sending msg to client play-fork-run-b5a3eb35-0b15-47bb-af89-c5b8c7a1dae9: TaskStarted(6,292,None)
Sending msg to client play-fork-run-b5a3eb35-0b15-47bb-af89-c5b8c7a1dae9: TaskStarted(6,295,Some(AttributeKey[scala.collection.Seq[sbt.Credentials]]("credentials") in Scope(Global)))
Sending msg to client play-fork-run-b5a3eb35-0b15-47bb-af89-c5b8c7a1dae9: TaskStarted(6,297,None)
Sending msg to client play-fork-run-b5a3eb35-0b15-47bb-af89-c5b8c7a1dae9: TaskStarted(6,300,Some(AttributeKey[scala.collection.Seq[sbt.Resolver]]("externalResolvers") in Scope(Build: file:/C:/github/just-play-scala/, , Project: ProjectReference(file:/C:/github/just-play-scala/,root))))
Sending msg to client play-fork-run-b5a3eb35-0b15-47bb-af89-c5b8c7a1dae9: TaskStarted(6,301,Some(AttributeKey[scala.Option[scala.collection.Seq[sbt.Resolver]]]("bootResolvers") in Scope(Build: file:/C:/github/just-play-scala/, , Project: ProjectReference(file:/C:/github/just-play-scala/,root))))
Sending msg to client play-fork-run-b5a3eb35-0b15-47bb-af89-c5b8c7a1dae9: TaskStarted(6,311,None)
Sending msg to client play-fork-run-b5a3eb35-0b15-47bb-af89-c5b8c7a1dae9: TaskStarted(6,313,Some(AttributeKey[boolean]("skip") in Scope(Global)))
Sending msg to client play-fork-run-b5a3eb35-0b15-47bb-af89-c5b8c7a1dae9: TaskStarted(6,314,Some(AttributeKey[java.lang.String]("updateCacheName") in Scope(Build: file:/C:/github/just-play-scala/, , Project: ProjectReference(file:/C:/github/just-play-scala/,root))))
Sending msg to client play-fork-run-b5a3eb35-0b15-47bb-af89-c5b8c7a1dae9: TaskStarted(6,320,None)
Sending msg to client play-fork-run-b5a3eb35-0b15-47bb-af89-c5b8c7a1dae9: TaskStarted(6,322,None)
Sending msg to client play-fork-run-b5a3eb35-0b15-47bb-af89-c5b8c7a1dae9: TaskStarted(6,323,None)
Sending msg to client play-fork-run-b5a3eb35-0b15-47bb-af89-c5b8c7a1dae9: TaskStarted(6,324,Some(AttributeKey[scala.collection.Seq[java.lang.String]]("javaOptions") in Scope(Global)))
Sending msg to client play-fork-run-b5a3eb35-0b15-47bb-af89-c5b8c7a1dae9: TaskStarted(6,336,None)
Sending msg to client play-fork-run-b5a3eb35-0b15-47bb-af89-c5b8c7a1dae9: TaskStarted(6,340,Some(AttributeKey[scala.Tuple2[java.lang.String,java.io.File]]("playPrefixAndAssets") in Scope(Build: file:/C:/github/just-play-scala/, , Project: ProjectReference(file:/C:/github/just-play-scala/,root))))
Sending msg to client play-fork-run-b5a3eb35-0b15-47bb-af89-c5b8c7a1dae9: TaskFinished(6,300,Some(AttributeKey[scala.collection.Seq[sbt.Resolver]]("externalResolvers") in Scope(Build: file:/C:/github/just-play-scala/, , Project: ProjectReference(file:/C:/github/just-play-scala/,root))),true,None)
Sending msg to client play-fork-run-b5a3eb35-0b15-47bb-af89-c5b8c7a1dae9: TaskFinished(6,292,None,true,None)
Sending msg to client play-fork-run-b5a3eb35-0b15-47bb-af89-c5b8c7a1dae9: TaskStarted(6,305,Some(AttributeKey[sbt.BuildStructure]("buildStructure") in Scope(Global)))
Sending msg to client play-fork-run-b5a3eb35-0b15-47bb-af89-c5b8c7a1dae9: TaskStarted(6,312,Some(AttributeKey[java.io.File]("dependencyCacheDirectory") in Scope(Build: file:/C:/github/just-play-scala/, , Project: ProjectReference(file:/C:/github/just-play-scala/,root))))
Sending msg to client play-fork-run-b5a3eb35-0b15-47bb-af89-c5b8c7a1dae9: TaskStarted(6,338,Some(AttributeKey[scala.collection.Seq[java.lang.String]]("playMonitoredFiles") in Scope(Build: file:/C:/github/just-play-scala/, , Project: ProjectReference(file:/C:/github/just-play-scala/,root))))
Sending msg to client play-fork-run-b5a3eb35-0b15-47bb-af89-c5b8c7a1dae9: TaskFinished(6,322,None,true,None)
Sending msg to client play-fork-run-b5a3eb35-0b15-47bb-af89-c5b8c7a1dae9: TaskFinished(6,323,None,true,None)
Sending msg to client play-fork-run-b5a3eb35-0b15-47bb-af89-c5b8c7a1dae9: TaskStarted(6,321,Some(AttributeKey[scala.collection.Seq[sbt.UpdateReport]]("transitiveUpdate") in Scope(Build: file:/C:/github/just-play-scala/, , Project: ProjectReference(file:/C:/github/just-play-scala/,root))))
Sending msg to client play-fork-run-b5a3eb35-0b15-47bb-af89-c5b8c7a1dae9: TaskFinished(6,311,None,true,None)
Sending msg to client play-fork-run-b5a3eb35-0b15-47bb-af89-c5b8c7a1dae9: TaskFinished(6,336,None,true,None)
Sending msg to client play-fork-run-b5a3eb35-0b15-47bb-af89-c5b8c7a1dae9: TaskFinished(6,297,None,true,None)
Sending msg to client play-fork-run-b5a3eb35-0b15-47bb-af89-c5b8c7a1dae9: TaskStarted(6,296,None)
Sending msg to client play-fork-run-b5a3eb35-0b15-47bb-af89-c5b8c7a1dae9: TaskStarted(6,306,None)
Sending msg to client play-fork-run-b5a3eb35-0b15-47bb-af89-c5b8c7a1dae9: TaskStarted(6,307,None)
Sending msg to client play-fork-run-b5a3eb35-0b15-47bb-af89-c5b8c7a1dae9: TaskStarted(6,317,None)
Sending msg to client play-fork-run-b5a3eb35-0b15-47bb-af89-c5b8c7a1dae9: TaskStarted(6,318,None)
Sending msg to client play-fork-run-b5a3eb35-0b15-47bb-af89-c5b8c7a1dae9: TaskStarted(6,326,None)
Sending msg to client play-fork-run-b5a3eb35-0b15-47bb-af89-c5b8c7a1dae9: TaskStarted(6,330,None)
Sending msg to client play-fork-run-b5a3eb35-0b15-47bb-af89-c5b8c7a1dae9: TaskStarted(6,337,None)
Sending msg to client play-fork-run-b5a3eb35-0b15-47bb-af89-c5b8c7a1dae9: TaskFinished(6,340,Some(AttributeKey[scala.Tuple2[java.lang.String,java.io.File]]("playPrefixAndAssets") in Scope(Build: file:/C:/github/just-play-scala/, , Project: ProjectReference(file:/C:/github/just-play-scala/,root))),true,None)
Sending msg to client play-fork-run-b5a3eb35-0b15-47bb-af89-c5b8c7a1dae9: TaskStarted(6,342,None)
Sending msg to client play-fork-run-b5a3eb35-0b15-47bb-af89-c5b8c7a1dae9: TaskFinished(6,305,Some(AttributeKey[sbt.BuildStructure]("buildStructure") in Scope(Global)),true,None)
Sending msg to client play-fork-run-b5a3eb35-0b15-47bb-af89-c5b8c7a1dae9: TaskStarted(6,304,Some(AttributeKey[sbt.Settings[sbt.Scope]]("settingsData") in Scope(Global)))
Sending msg to client play-fork-run-b5a3eb35-0b15-47bb-af89-c5b8c7a1dae9: TaskFinished(6,295,Some(AttributeKey[scala.collection.Seq[sbt.Credentials]]("credentials") in Scope(Global)),true,None)
Sending msg to client play-fork-run-b5a3eb35-0b15-47bb-af89-c5b8c7a1dae9: TaskFinished(6,301,Some(AttributeKey[scala.Option[scala.collection.Seq[sbt.Resolver]]]("bootResolvers") in Scope(Build: file:/C:/github/just-play-scala/, , Project: ProjectReference(file:/C:/github/just-play-scala/,root))),true,None)
Sending msg to client play-fork-run-b5a3eb35-0b15-47bb-af89-c5b8c7a1dae9: TaskFinished(6,296,None,true,None)
Sending msg to client play-fork-run-b5a3eb35-0b15-47bb-af89-c5b8c7a1dae9: TaskFinished(6,313,Some(AttributeKey[boolean]("skip") in Scope(Global)),true,None)
Sending msg to client play-fork-run-b5a3eb35-0b15-47bb-af89-c5b8c7a1dae9: TaskFinished(6,307,None,true,None)
Sending msg to client play-fork-run-b5a3eb35-0b15-47bb-af89-c5b8c7a1dae9: TaskFinished(6,306,None,true,None)
Sending msg to client play-fork-run-b5a3eb35-0b15-47bb-af89-c5b8c7a1dae9: TaskFinished(6,318,None,true,None)
Sending msg to client play-fork-run-b5a3eb35-0b15-47bb-af89-c5b8c7a1dae9: TaskFinished(6,326,None,true,None)
Sending msg to client play-fork-run-b5a3eb35-0b15-47bb-af89-c5b8c7a1dae9: TaskFinished(6,330,None,true,None)
Sending msg to client play-fork-run-b5a3eb35-0b15-47bb-af89-c5b8c7a1dae9: TaskFinished(6,314,Some(AttributeKey[java.lang.String]("updateCacheName") in Scope(Build: file:/C:/github/just-play-scala/, , Project: ProjectReference(file:/C:/github/just-play-scala/,root))),true,None)
Sending msg to client play-fork-run-b5a3eb35-0b15-47bb-af89-c5b8c7a1dae9: TaskFinished(6,320,None,true,None)
Sending msg to client play-fork-run-b5a3eb35-0b15-47bb-af89-c5b8c7a1dae9: TaskFinished(6,342,None,true,None)
Sending msg to client play-fork-run-b5a3eb35-0b15-47bb-af89-c5b8c7a1dae9: TaskStarted(6,341,None)
Sending msg to client play-fork-run-b5a3eb35-0b15-47bb-af89-c5b8c7a1dae9: TaskFinished(6,304,Some(AttributeKey[sbt.Settings[sbt.Scope]]("settingsData") in Scope(Global)),true,None)
Sending msg to client play-fork-run-b5a3eb35-0b15-47bb-af89-c5b8c7a1dae9: TaskStarted(6,303,Some(AttributeKey[scala.collection.immutable.Map[org.apache.ivy.core.module.id.ModuleRevisionId,org.apache.ivy.core.module.descriptor.ModuleDescriptor]]("projectDescriptors") in Scope(Build: file:/C:/github/just-play-scala/, , Project: ProjectReference(file:/C:/github/just-play-scala/,root))))
Sending msg to client play-fork-run-b5a3eb35-0b15-47bb-af89-c5b8c7a1dae9: TaskStarted(6,310,Some(AttributeKey[scala.collection.Seq[sbt.ModuleID]]("projectDependencies") in Scope(Build: file:/C:/github/just-play-scala/, , Project: ProjectReference(file:/C:/github/just-play-scala/,root))))
Sending msg to client play-fork-run-b5a3eb35-0b15-47bb-af89-c5b8c7a1dae9: TaskStarted(6,319,None)
Sending msg to client play-fork-run-b5a3eb35-0b15-47bb-af89-c5b8c7a1dae9: TaskStarted(6,329,None)
Sending msg to client play-fork-run-b5a3eb35-0b15-47bb-af89-c5b8c7a1dae9: TaskFinished(6,337,None,true,None)
Sending msg to client play-fork-run-b5a3eb35-0b15-47bb-af89-c5b8c7a1dae9: TaskFinished(6,317,None,true,None)
Sending msg to client play-fork-run-b5a3eb35-0b15-47bb-af89-c5b8c7a1dae9: TaskStarted(6,316,Some(AttributeKey[scala.collection.immutable.Map[sbt.ModuleID,sbt.SourcePosition]]("dependencyPositions") in Scope(Build: file:/C:/github/just-play-scala/, , Project: ProjectReference(file:/C:/github/just-play-scala/,root))))
Sending msg to client play-fork-run-b5a3eb35-0b15-47bb-af89-c5b8c7a1dae9: TaskFinished(6,321,Some(AttributeKey[scala.collection.Seq[sbt.UpdateReport]]("transitiveUpdate") in Scope(Build: file:/C:/github/just-play-scala/, , Project: ProjectReference(file:/C:/github/just-play-scala/,root))),true,None)
Sending msg to client play-fork-run-b5a3eb35-0b15-47bb-af89-c5b8c7a1dae9: TaskFinished(6,324,Some(AttributeKey[scala.collection.Seq[java.lang.String]]("javaOptions") in Scope(Global)),true,None)
Sending msg to client play-fork-run-b5a3eb35-0b15-47bb-af89-c5b8c7a1dae9: TaskFinished(6,338,Some(AttributeKey[scala.collection.Seq[java.lang.String]]("playMonitoredFiles") in Scope(Build: file:/C:/github/just-play-scala/, , Project: ProjectReference(file:/C:/github/just-play-scala/,root))),true,None)
Sending msg to client play-fork-run-b5a3eb35-0b15-47bb-af89-c5b8c7a1dae9: TaskFinished(6,312,Some(AttributeKey[java.io.File]("dependencyCacheDirectory") in Scope(Build: file:/C:/github/just-play-scala/, , Project: ProjectReference(file:/C:/github/just-play-scala/,root))),true,None)
Sending msg to client play-fork-run-b5a3eb35-0b15-47bb-af89-c5b8c7a1dae9: TaskStarted(6,343,None)
Sending msg to client play-fork-run-b5a3eb35-0b15-47bb-af89-c5b8c7a1dae9: TaskStarted(6,345,None)
Sending msg to client play-fork-run-b5a3eb35-0b15-47bb-af89-c5b8c7a1dae9: TaskFinished(6,345,None,true,None)
Sending msg to client play-fork-run-b5a3eb35-0b15-47bb-af89-c5b8c7a1dae9: TaskStarted(6,344,None)
Sending msg to client play-fork-run-b5a3eb35-0b15-47bb-af89-c5b8c7a1dae9: TaskFinished(6,344,None,true,None)
Sending msg to client play-fork-run-b5a3eb35-0b15-47bb-af89-c5b8c7a1dae9: TaskFinished(6,303,Some(AttributeKey[scala.collection.immutable.Map[org.apache.ivy.core.module.id.ModuleRevisionId,org.apache.ivy.core.module.descriptor.ModuleDescriptor]]("projectDescriptors") in Scope(Build: file:/C:/github/just-play-scala/, , Project: ProjectReference(file:/C:/github/just-play-scala/,root))),true,None)
Sending msg to client play-fork-run-b5a3eb35-0b15-47bb-af89-c5b8c7a1dae9: TaskStarted(6,302,Some(AttributeKey[sbt.Resolver]("projectResolver") in Scope(Build: file:/C:/github/just-play-scala/, , Project: ProjectReference(file:/C:/github/just-play-scala/,root))))
Sending msg to client play-fork-run-b5a3eb35-0b15-47bb-af89-c5b8c7a1dae9: TaskFinished(6,302,Some(AttributeKey[sbt.Resolver]("projectResolver") in Scope(Build: file:/C:/github/just-play-scala/, , Project: ProjectReference(file:/C:/github/just-play-scala/,root))),true,None)
Sending msg to client play-fork-run-b5a3eb35-0b15-47bb-af89-c5b8c7a1dae9: TaskStarted(6,299,Some(AttributeKey[scala.collection.Seq[sbt.Resolver]]("fullResolvers") in Scope(Build: file:/C:/github/just-play-scala/, , Project: ProjectReference(file:/C:/github/just-play-scala/,root))))
Sending msg to client play-fork-run-b5a3eb35-0b15-47bb-af89-c5b8c7a1dae9: TaskFinished(6,299,Some(AttributeKey[scala.collection.Seq[sbt.Resolver]]("fullResolvers") in Scope(Build: file:/C:/github/just-play-scala/, , Project: ProjectReference(file:/C:/github/just-play-scala/,root))),true,None)
Sending msg to client play-fork-run-b5a3eb35-0b15-47bb-af89-c5b8c7a1dae9: TaskStarted(6,298,Some(AttributeKey[sbt.IvyConfiguration]("ivyConfiguration") in Scope(Build: file:/C:/github/just-play-scala/, , Project: ProjectReference(file:/C:/github/just-play-scala/,root))))
Sending msg to client play-fork-run-b5a3eb35-0b15-47bb-af89-c5b8c7a1dae9: TaskFinished(6,298,Some(AttributeKey[sbt.IvyConfiguration]("ivyConfiguration") in Scope(Build: file:/C:/github/just-play-scala/, , Project: ProjectReference(file:/C:/github/just-play-scala/,root))),true,None)
Sending msg to client play-fork-run-b5a3eb35-0b15-47bb-af89-c5b8c7a1dae9: TaskStarted(6,294,Some(AttributeKey[sbt.IvySbt]("ivySbt") in Scope(Build: file:/C:/github/just-play-scala/, , Project: ProjectReference(file:/C:/github/just-play-scala/,root))))
Sending msg to client play-fork-run-b5a3eb35-0b15-47bb-af89-c5b8c7a1dae9: TaskFinished(6,294,Some(AttributeKey[sbt.IvySbt]("ivySbt") in Scope(Build: file:/C:/github/just-play-scala/, , Project: ProjectReference(file:/C:/github/just-play-scala/,root))),true,None)
Sending msg to client play-fork-run-b5a3eb35-0b15-47bb-af89-c5b8c7a1dae9: TaskFinished(6,343,None,true,None)
Sending msg to client play-fork-run-b5a3eb35-0b15-47bb-af89-c5b8c7a1dae9: TaskFinished(6,319,None,true,None)
Sending msg to client play-fork-run-b5a3eb35-0b15-47bb-af89-c5b8c7a1dae9: TaskFinished(6,341,None,true,None)
Sending msg to client play-fork-run-b5a3eb35-0b15-47bb-af89-c5b8c7a1dae9: TaskStarted(6,339,Some(AttributeKey[scala.collection.Seq[scala.Tuple2[java.lang.String,java.io.File]]]("playAllAssets") in Scope(Build: file:/C:/github/just-play-scala/, , Project: ProjectReference(file:/C:/github/just-play-scala/,root))))
Sending msg to client play-fork-run-b5a3eb35-0b15-47bb-af89-c5b8c7a1dae9: TaskFinished(6,310,Some(AttributeKey[scala.collection.Seq[sbt.ModuleID]]("projectDependencies") in Scope(Build: file:/C:/github/just-play-scala/, , Project: ProjectReference(file:/C:/github/just-play-scala/,root))),true,None)
Sending msg to client play-fork-run-b5a3eb35-0b15-47bb-af89-c5b8c7a1dae9: TaskStarted(6,309,Some(AttributeKey[scala.collection.Seq[sbt.ModuleID]]("allDependencies") in Scope(Build: file:/C:/github/just-play-scala/, , Project: ProjectReference(file:/C:/github/just-play-scala/,root))))
Sending msg to client play-fork-run-b5a3eb35-0b15-47bb-af89-c5b8c7a1dae9: TaskFinished(6,309,Some(AttributeKey[scala.collection.Seq[sbt.ModuleID]]("allDependencies") in Scope(Build: file:/C:/github/just-play-scala/, , Project: ProjectReference(file:/C:/github/just-play-scala/,root))),true,None)
Sending msg to client play-fork-run-b5a3eb35-0b15-47bb-af89-c5b8c7a1dae9: TaskStarted(6,308,Some(AttributeKey[sbt.ModuleSettings]("moduleSettings") in Scope(Build: file:/C:/github/just-play-scala/, , Project: ProjectReference(file:/C:/github/just-play-scala/,root))))
Sending msg to client play-fork-run-b5a3eb35-0b15-47bb-af89-c5b8c7a1dae9: TaskFinished(6,339,Some(AttributeKey[scala.collection.Seq[scala.Tuple2[java.lang.String,java.io.File]]]("playAllAssets") in Scope(Build: file:/C:/github/just-play-scala/, , Project: ProjectReference(file:/C:/github/just-play-scala/,root))),true,None)
Sending msg to client play-fork-run-b5a3eb35-0b15-47bb-af89-c5b8c7a1dae9: TaskFinished(6,308,Some(AttributeKey[sbt.ModuleSettings]("moduleSettings") in Scope(Build: file:/C:/github/just-play-scala/, , Project: ProjectReference(file:/C:/github/just-play-scala/,root))),true,None)
Sending msg to client play-fork-run-b5a3eb35-0b15-47bb-af89-c5b8c7a1dae9: TaskStarted(6,293,Some(AttributeKey[sbt.IvySbt$Module]("ivyModule") in Scope(Build: file:/C:/github/just-play-scala/, , Project: ProjectReference(file:/C:/github/just-play-scala/,root))))
Sending msg to client play-fork-run-b5a3eb35-0b15-47bb-af89-c5b8c7a1dae9: TaskStarted(6,350,None)
Sending msg to client play-fork-run-b5a3eb35-0b15-47bb-af89-c5b8c7a1dae9: TaskStarted(6,352,None)
Sending msg to client play-fork-run-b5a3eb35-0b15-47bb-af89-c5b8c7a1dae9: TaskStarted(6,353,None)
Sending msg to client play-fork-run-b5a3eb35-0b15-47bb-af89-c5b8c7a1dae9: TaskStarted(6,355,None)
Sending msg to client play-fork-run-b5a3eb35-0b15-47bb-af89-c5b8c7a1dae9: TaskStarted(6,356,None)
Sending msg to client play-fork-run-b5a3eb35-0b15-47bb-af89-c5b8c7a1dae9: TaskFinished(6,355,None,true,None)
Sending msg to client play-fork-run-b5a3eb35-0b15-47bb-af89-c5b8c7a1dae9: TaskFinished(6,356,None,true,None)
Sending msg to client play-fork-run-b5a3eb35-0b15-47bb-af89-c5b8c7a1dae9: TaskStarted(6,354,Some(AttributeKey[scala.collection.Seq[sbt.Attributed[java.io.File]]]("unmanagedJars") in Scope(Build: file:/C:/github/just-play-scala/, , Project: ProjectReference(file:/C:/github/just-play-scala/,root), Config: runtime)))
Sending msg to client play-fork-run-b5a3eb35-0b15-47bb-af89-c5b8c7a1dae9: TaskFinished(6,316,Some(AttributeKey[scala.collection.immutable.Map[sbt.ModuleID,sbt.SourcePosition]]("dependencyPositions") in Scope(Build: file:/C:/github/just-play-scala/, , Project: ProjectReference(file:/C:/github/just-play-scala/,root))),true,None)
Sending msg to client play-fork-run-b5a3eb35-0b15-47bb-af89-c5b8c7a1dae9: TaskStarted(6,315,Some(AttributeKey[sbt.UnresolvedWarningConfiguration]("unresolvedWarningConfiguration") in Scope(Build: file:/C:/github/just-play-scala/, , Project: ProjectReference(file:/C:/github/just-play-scala/,root), Task: AttributeKey[sbt.UpdateReport]("update"))))
Sending msg to client play-fork-run-b5a3eb35-0b15-47bb-af89-c5b8c7a1dae9: TaskFinished(6,353,None,true,None)
Sending msg to client play-fork-run-b5a3eb35-0b15-47bb-af89-c5b8c7a1dae9: TaskFinished(6,354,Some(AttributeKey[scala.collection.Seq[sbt.Attributed[java.io.File]]]("unmanagedJars") in Scope(Build: file:/C:/github/just-play-scala/, , Project: ProjectReference(file:/C:/github/just-play-scala/,root), Config: runtime)),true,None)
Sending msg to client play-fork-run-b5a3eb35-0b15-47bb-af89-c5b8c7a1dae9: TaskFinished(6,315,Some(AttributeKey[sbt.UnresolvedWarningConfiguration]("unresolvedWarningConfiguration") in Scope(Build: file:/C:/github/just-play-scala/, , Project: ProjectReference(file:/C:/github/just-play-scala/,root), Task: AttributeKey[sbt.UpdateReport]("update"))),true,None)
Sending msg to client play-fork-run-b5a3eb35-0b15-47bb-af89-c5b8c7a1dae9: TaskFinished(6,350,None,true,None)
Sending msg to client play-fork-run-b5a3eb35-0b15-47bb-af89-c5b8c7a1dae9: TaskStarted(6,349,None)
Sending msg to client play-fork-run-b5a3eb35-0b15-47bb-af89-c5b8c7a1dae9: TaskFinished(6,352,None,true,None)
Sending msg to client play-fork-run-b5a3eb35-0b15-47bb-af89-c5b8c7a1dae9: TaskStarted(6,351,Some(AttributeKey[scala.collection.Seq[sbt.Attributed[java.io.File]]]("unmanagedJars") in Scope(Build: file:/C:/github/just-play-scala/, , Project: ProjectReference(file:/C:/github/just-play-scala/,root), Config: compile)))
Sending msg to client play-fork-run-b5a3eb35-0b15-47bb-af89-c5b8c7a1dae9: TaskStarted(6,357,None)
Sending msg to client play-fork-run-b5a3eb35-0b15-47bb-af89-c5b8c7a1dae9: TaskFinished(6,293,Some(AttributeKey[sbt.IvySbt$Module]("ivyModule") in Scope(Build: file:/C:/github/just-play-scala/, , Project: ProjectReference(file:/C:/github/just-play-scala/,root))),true,None)
Sending msg to client play-fork-run-b5a3eb35-0b15-47bb-af89-c5b8c7a1dae9: TaskStarted(6,291,Some(AttributeKey[sbt.UpdateReport]("update") in Scope(Build: file:/C:/github/just-play-scala/, , Project: ProjectReference(file:/C:/github/just-play-scala/,root))))
Sending msg to client play-fork-run-b5a3eb35-0b15-47bb-af89-c5b8c7a1dae9: TaskFinished(6,351,Some(AttributeKey[scala.collection.Seq[sbt.Attributed[java.io.File]]]("unmanagedJars") in Scope(Build: file:/C:/github/just-play-scala/, , Project: ProjectReference(file:/C:/github/just-play-scala/,root), Config: compile)),true,None)
Sending msg to client play-fork-run-b5a3eb35-0b15-47bb-af89-c5b8c7a1dae9: TaskFinished(6,357,None,true,None)
Sending msg to client play-fork-run-b5a3eb35-0b15-47bb-af89-c5b8c7a1dae9: TaskFinished(6,349,None,true,None)
Sending msg to client play-fork-run-b5a3eb35-0b15-47bb-af89-c5b8c7a1dae9: TaskStarted(6,348,Some(AttributeKey[scala.collection.Seq[sbt.Attributed[java.io.File]]]("unmanagedJars") in Scope(Build: file:/C:/github/just-play-scala/, , Project: ProjectReference(file:/C:/github/just-play-scala/,root), Config: compile)))
Sending msg to client play-fork-run-b5a3eb35-0b15-47bb-af89-c5b8c7a1dae9: TaskFinished(6,348,Some(AttributeKey[scala.collection.Seq[sbt.Attributed[java.io.File]]]("unmanagedJars") in Scope(Build: file:/C:/github/just-play-scala/, , Project: ProjectReference(file:/C:/github/just-play-scala/,root), Config: compile)),true,None)
Sending msg to client play-fork-run-b5a3eb35-0b15-47bb-af89-c5b8c7a1dae9: TaskStarted(6,347,None)
Sending msg to client play-fork-run-b5a3eb35-0b15-47bb-af89-c5b8c7a1dae9: TaskFinished(6,347,None,true,None)
Sending msg to client play-fork-run-b5a3eb35-0b15-47bb-af89-c5b8c7a1dae9: TaskStarted(6,346,None)
Sending msg to client play-fork-run-b5a3eb35-0b15-47bb-af89-c5b8c7a1dae9: TaskFinished(6,346,None,true,None)
Sending msg to client play-fork-run-b5a3eb35-0b15-47bb-af89-c5b8c7a1dae9: TaskFinished(6,329,None,true,None)
Sending msg to client play-fork-run-b5a3eb35-0b15-47bb-af89-c5b8c7a1dae9: TaskStarted(6,328,Some(AttributeKey[scala.collection.Seq[sbt.Attributed[java.io.File]]]("unmanagedClasspath") in Scope(Build: file:/C:/github/just-play-scala/, , Project: ProjectReference(file:/C:/github/just-play-scala/,root), Config: runtime)))
Sending msg to client play-fork-run-b5a3eb35-0b15-47bb-af89-c5b8c7a1dae9: TaskFinished(6,328,Some(AttributeKey[scala.collection.Seq[sbt.Attributed[java.io.File]]]("unmanagedClasspath") in Scope(Build: file:/C:/github/just-play-scala/, , Project: ProjectReference(file:/C:/github/just-play-scala/,root), Config: runtime)),true,None)
Sending msg to client play-fork-run-b5a3eb35-0b15-47bb-af89-c5b8c7a1dae9: TaskFinished(6,291,Some(AttributeKey[sbt.UpdateReport]("update") in Scope(Build: file:/C:/github/just-play-scala/, , Project: ProjectReference(file:/C:/github/just-play-scala/,root))),true,None)
Sending msg to client play-fork-run-b5a3eb35-0b15-47bb-af89-c5b8c7a1dae9: TaskStarted(6,290,Some(AttributeKey[sbt.UpdateReport]("update") in Scope(Build: file:/C:/github/just-play-scala/, , Project: ProjectReference(file:/C:/github/just-play-scala/,root))))
Sending msg to client play-fork-run-b5a3eb35-0b15-47bb-af89-c5b8c7a1dae9: TaskFinished(6,290,Some(AttributeKey[sbt.UpdateReport]("update") in Scope(Build: file:/C:/github/just-play-scala/, , Project: ProjectReference(file:/C:/github/just-play-scala/,root))),true,None)
Sending msg to client play-fork-run-b5a3eb35-0b15-47bb-af89-c5b8c7a1dae9: TaskStarted(6,289,Some(AttributeKey[scala.collection.Seq[sbt.Attributed[java.io.File]]]("managedClasspath") in Scope(Build: file:/C:/github/just-play-scala/, , Project: ProjectReference(file:/C:/github/just-play-scala/,root), Config: docs)))
Sending msg to client play-fork-run-b5a3eb35-0b15-47bb-af89-c5b8c7a1dae9: TaskStarted(6,335,Some(AttributeKey[sbt.Configuration]("classpathConfiguration") in Scope(Build: file:/C:/github/just-play-scala/, , Project: ProjectReference(file:/C:/github/just-play-scala/,root), Config: compile)))
Sending msg to client play-fork-run-b5a3eb35-0b15-47bb-af89-c5b8c7a1dae9: TaskFinished(6,335,Some(AttributeKey[sbt.Configuration]("classpathConfiguration") in Scope(Build: file:/C:/github/just-play-scala/, , Project: ProjectReference(file:/C:/github/just-play-scala/,root), Config: compile)),true,None)
Sending msg to client play-fork-run-b5a3eb35-0b15-47bb-af89-c5b8c7a1dae9: TaskStarted(6,334,None)
Sending msg to client play-fork-run-b5a3eb35-0b15-47bb-af89-c5b8c7a1dae9: TaskFinished(6,334,None,true,None)
Sending msg to client play-fork-run-b5a3eb35-0b15-47bb-af89-c5b8c7a1dae9: TaskStarted(6,333,Some(AttributeKey[sbt.Configuration]("classpathConfiguration") in Scope(Build: file:/C:/github/just-play-scala/, , Project: ProjectReference(file:/C:/github/just-play-scala/,root), Config: runtime)))
Sending msg to client play-fork-run-b5a3eb35-0b15-47bb-af89-c5b8c7a1dae9: TaskFinished(6,289,Some(AttributeKey[scala.collection.Seq[sbt.Attributed[java.io.File]]]("managedClasspath") in Scope(Build: file:/C:/github/just-play-scala/, , Project: ProjectReference(file:/C:/github/just-play-scala/,root), Config: docs)),true,None)
Sending msg to client play-fork-run-b5a3eb35-0b15-47bb-af89-c5b8c7a1dae9: TaskFinished(6,333,Some(AttributeKey[sbt.Configuration]("classpathConfiguration") in Scope(Build: file:/C:/github/just-play-scala/, , Project: ProjectReference(file:/C:/github/just-play-scala/,root), Config: runtime)),true,None)
Sending msg to client play-fork-run-b5a3eb35-0b15-47bb-af89-c5b8c7a1dae9: TaskStarted(6,332,None)
Sending msg to client play-fork-run-b5a3eb35-0b15-47bb-af89-c5b8c7a1dae9: TaskFinished(6,332,None,true,None)
Sending msg to client play-fork-run-b5a3eb35-0b15-47bb-af89-c5b8c7a1dae9: TaskStarted(6,331,Some(AttributeKey[scala.collection.Seq[sbt.Attributed[java.io.File]]]("managedClasspath") in Scope(Build: file:/C:/github/just-play-scala/, , Project: ProjectReference(file:/C:/github/just-play-scala/,root), Config: runtime)))
Sending msg to client play-fork-run-b5a3eb35-0b15-47bb-af89-c5b8c7a1dae9: TaskFinished(6,331,Some(AttributeKey[scala.collection.Seq[sbt.Attributed[java.io.File]]]("managedClasspath") in Scope(Build: file:/C:/github/just-play-scala/, , Project: ProjectReference(file:/C:/github/just-play-scala/,root), Config: runtime)),true,None)
Sending msg to client play-fork-run-b5a3eb35-0b15-47bb-af89-c5b8c7a1dae9: TaskStarted(6,327,None)
Sending msg to client play-fork-run-b5a3eb35-0b15-47bb-af89-c5b8c7a1dae9: TaskFinished(6,327,None,true,None)
Sending msg to client play-fork-run-b5a3eb35-0b15-47bb-af89-c5b8c7a1dae9: TaskStarted(6,325,Some(AttributeKey[scala.collection.Seq[sbt.Attributed[java.io.File]]]("playDependencyClasspath") in Scope(Build: file:/C:/github/just-play-scala/, , Project: ProjectReference(file:/C:/github/just-play-scala/,root))))
Sending msg to client play-fork-run-b5a3eb35-0b15-47bb-af89-c5b8c7a1dae9: TaskFinished(6,325,Some(AttributeKey[scala.collection.Seq[sbt.Attributed[java.io.File]]]("playDependencyClasspath") in Scope(Build: file:/C:/github/just-play-scala/, , Project: ProjectReference(file:/C:/github/just-play-scala/,root))),true,None)
Sending msg to client play-fork-run-b5a3eb35-0b15-47bb-af89-c5b8c7a1dae9: TaskStarted(6,288,Some(AttributeKey[play.forkrun.protocol.ForkConfig]("playForkConfig") in Scope(Build: file:/C:/github/just-play-scala/, , Project: ProjectReference(file:/C:/github/just-play-scala/,root))))
Sending msg to client play-fork-run-b5a3eb35-0b15-47bb-af89-c5b8c7a1dae9: TaskFinished(6,288,Some(AttributeKey[play.forkrun.protocol.ForkConfig]("playForkConfig") in Scope(Build: file:/C:/github/just-play-scala/, , Project: ProjectReference(file:/C:/github/just-play-scala/,root))),true,None)
Sending msg to client play-fork-run-b5a3eb35-0b15-47bb-af89-c5b8c7a1dae9: ValueChanged(AttributeKey[play.forkrun.protocol.ForkConfig]("playForkConfig") in Scope(Build: file:/C:/github/just-play-scala/, , Project: ProjectReference(file:/C:/github/just-play-scala/,root)),TaskSuccess(BuildValue(LazyValue(ForkConfig(C:\github\just-play-scala,List(),List(C:\Users\CSchackerl\.sbt\boot\scala-2.10.4\lib\scala-library.jar, C:\typesafe-activator-1.3.5\activator-dist-1.3.5\repository\com.typesafe.play\twirl-api_2.10\1.0.2\jars\twirl-api_2.10.jar, C:\Users\CSchackerl\.ivy2\cache\org.apache.commons\commons-lang3\jars\commons-lang3-3.1.jar, C:\Users\CSchackerl\.ivy2\cache\com.typesafe.play\play_2.10\jars\play_2.10-2.3.8.jar, C:\typesafe-activator-1.3.5\activator-dist-1.3.5\repository\com.typesafe.play\build-link\2.3.8\jars\build-link.jar, C:\typesafe-activator-1.3.5\activator-dist-1.3.5\repository\com.typesafe.play\play-exceptions\2.3.8\jars\play-exceptions.jar, C:\Users\CSchackerl\.ivy2\cache\org.javassist\javassist\bundles\javassist-3.18.2-GA.jar, C:\Users\CSchackerl\.ivy2\cache\com.typesafe.play\play-iteratees_2.10\jars\play-iteratees_2.10-2.3.8.jar, C:\Users\CSchackerl\.ivy2\cache\org.scala-stm\scala-stm_2.10\jars\scala-stm_2.10-0.7.jar, C:\Users\CSchackerl\.ivy2\cache\com.typesafe\config\bundles\config-1.2.1.jar, C:\Users\CSchackerl\.ivy2\cache\com.typesafe.play\play-json_2.10\jars\play-json_2.10-2.3.8.jar, C:\Users\CSchackerl\.ivy2\cache\com.typesafe.play\play-functional_2.10\jars\play-functional_2.10-2.3.8.jar, C:\Users\CSchackerl\.ivy2\cache\com.typesafe.play\play-datacommons_2.10\jars\play-datacommons_2.10-2.3.8.jar, C:\Users\CSchackerl\.ivy2\cache\joda-time\joda-time\jars\joda-time-2.3.jar, C:\Users\CSchackerl\.ivy2\cache\org.joda\joda-convert\jars\joda-convert-1.6.jar, C:\Users\CSchackerl\.ivy2\cache\com.fasterxml.jackson.core\jackson-annotations\bundles\jackson-annotations-2.3.2.jar, C:\Users\CSchackerl\.ivy2\cache\com.fasterxml.jackson.core\jackson-core\bundles\jackson-core-2.3.2.jar, C:\Users\CSchackerl\.ivy2\cache\com.fasterxml.jackson.core\jackson-databind\bundles\jackson-databind-2.3.2.jar, C:\Users\CSchackerl\.sbt\boot\scala-2.10.4\lib\scala-reflect.jar, C:\Users\CSchackerl\.ivy2\cache\io.netty\netty\bundles\netty-3.9.3.Final.jar, C:\Users\CSchackerl\.ivy2\cache\com.typesafe.netty\netty-http-pipelining\jars\netty-http-pipelining-1.1.2.jar, C:\Users\CSchackerl\.ivy2\cache\org.slf4j\slf4j-api\jars\slf4j-api-1.7.6.jar, C:\Users\CSchackerl\.ivy2\cache\org.slf4j\jul-to-slf4j\jars\jul-to-slf4j-1.7.6.jar, C:\Users\CSchackerl\.ivy2\cache\org.slf4j\jcl-over-slf4j\jars\jcl-over-slf4j-1.7.6.jar, C:\Users\CSchackerl\.ivy2\cache\ch.qos.logback\logback-core\jars\logback-core-1.1.1.jar, C:\Users\CSchackerl\.ivy2\cache\ch.qos.logback\logback-classic\jars\logback-classic-1.1.1.jar, C:\Users\CSchackerl\.ivy2\cache\com.typesafe.akka\akka-actor_2.10\jars\akka-actor_2.10-2.3.4.jar, C:\Users\CSchackerl\.ivy2\cache\com.typesafe.akka\akka-slf4j_2.10\jars\akka-slf4j_2.10-2.3.4.jar, C:\Users\CSchackerl\.ivy2\cache\commons-codec\commons-codec\jars\commons-codec-1.9.jar, C:\Users\CSchackerl\.ivy2\cache\xerces\xercesImpl\jars\xercesImpl-2.11.0.jar, C:\Users\CSchackerl\.ivy2\cache\xml-apis\xml-apis\jars\xml-apis-1.4.01.jar, C:\Users\CSchackerl\.ivy2\cache\javax.transaction\jta\jars\jta-1.1.jar),List((public/,C:\github\just-play-scala\target\web\public\main)),List(C:\Users\CSchackerl\.ivy2\cache\com.typesafe.play\play-docs_2.10\jars\play-docs_2.10-2.3.8.jar, C:\Users\CSchackerl\.sbt\boot\scala-2.10.4\lib\scala-library.jar, C:\Users\CSchackerl\.ivy2\cache\com.typesafe.play\play_2.10\jars\play_2.10-2.3.8.jar, C:\typesafe-activator-1.3.5\activator-dist-1.3.5\repository\com.typesafe.play\build-link\2.3.8\jars\build-link.jar, C:\typesafe-activator-1.3.5\activator-dist-1.3.5\repository\com.typesafe.play\play-exceptions\2.3.8\jars\play-exceptions.jar, C:\Users\CSchackerl\.ivy2\cache\org.javassist\javassist\bundles\javassist-3.18.2-GA.jar, C:\Users\CSchackerl\.ivy2\cache\com.typesafe.play\play-iteratees_2.10\jars\play-iteratees_2.10-2.3.8.jar, C:\Users\CSchackerl\.ivy2\cache\org.scala-stm\scala-stm_2.10\jars\scala-stm_2.10-0.7.jar, C:\Users\CSchackerl\.ivy2\cache\com.typesafe\config\bundles\config-1.2.1.jar, C:\Users\CSchackerl\.ivy2\cache\com.typesafe.play\play-json_2.10\jars\play-json_2.10-2.3.8.jar, C:\Users\CSchackerl\.ivy2\cache\com.typesafe.play\play-functional_2.10\jars\play-functional_2.10-2.3.8.jar, C:\Users\CSchackerl\.ivy2\cache\com.typesafe.play\play-datacommons_2.10\jars\play-datacommons_2.10-2.3.8.jar, C:\Users\CSchackerl\.ivy2\cache\joda-time\joda-time\jars\joda-time-2.3.jar, C:\Users\CSchackerl\.ivy2\cache\org.joda\joda-convert\jars\joda-convert-1.6.jar, C:\Users\CSchackerl\.ivy2\cache\com.fasterxml.jackson.core\jackson-annotations\bundles\jackson-annotations-2.3.2.jar, C:\Users\CSchackerl\.ivy2\cache\com.fasterxml.jackson.core\jackson-core\bundles\jackson-core-2.3.2.jar, C:\Users\CSchackerl\.ivy2\cache\com.fasterxml.jackson.core\jackson-databind\bundles\jackson-databind-2.3.2.jar, C:\Users\CSchackerl\.sbt\boot\scala-2.10.4\lib\scala-reflect.jar, C:\typesafe-activator-1.3.5\activator-dist-1.3.5\repository\com.typesafe.play\twirl-api_2.10\1.0.2\jars\twirl-api_2.10.jar, C:\Users\CSchackerl\.ivy2\cache\org.apache.commons\commons-lang3\jars\commons-lang3-3.1.jar, C:\Users\CSchackerl\.ivy2\cache\io.netty\netty\bundles\netty-3.9.3.Final.jar, C:\Users\CSchackerl\.ivy2\cache\com.typesafe.netty\netty-http-pipelining\jars\netty-http-pipelining-1.1.2.jar, C:\Users\CSchackerl\.ivy2\cache\org.slf4j\slf4j-api\jars\slf4j-api-1.7.6.jar, C:\Users\CSchackerl\.ivy2\cache\org.slf4j\jul-to-slf4j\jars\jul-to-slf4j-1.7.6.jar, C:\Users\CSchackerl\.ivy2\cache\org.slf4j\jcl-over-slf4j\jars\jcl-over-slf4j-1.7.6.jar, C:\Users\CSchackerl\.ivy2\cache\ch.qos.logback\logback-core\jars\logback-core-1.1.1.jar, C:\Users\CSchackerl\.ivy2\cache\ch.qos.logback\logback-classic\jars\logback-classic-1.1.1.jar, C:\Users\CSchackerl\.ivy2\cache\com.typesafe.akka\akka-actor_2.10\jars\akka-actor_2.10-2.3.4.jar, C:\Users\CSchackerl\.ivy2\cache\com.typesafe.akka\akka-slf4j_2.10\jars\akka-slf4j_2.10-2.3.4.jar, C:\Users\CSchackerl\.ivy2\cache\commons-codec\commons-codec\jars\commons-codec-1.9.jar, C:\Users\CSchackerl\.ivy2\cache\xerces\xercesImpl\jars\xercesImpl-2.11.0.jar, C:\Users\CSchackerl\.ivy2\cache\xml-apis\xml-apis\jars\xml-apis-1.4.01.jar, C:\Users\CSchackerl\.ivy2\cache\javax.transaction\jta\jars\jta-1.1.jar, C:\Users\CSchackerl\.ivy2\cache\com.typesafe.play\play-doc_2.10\jars\play-doc_2.10-1.1.0.jar, C:\typesafe-activator-1.3.5\activator-dist-1.3.5\repository\org.pegdown\pegdown\1.4.0\jars\pegdown.jar, C:\typesafe-activator-1.3.5\activator-dist-1.3.5\repository\org.parboiled\parboiled-java\1.1.5\bundles\parboiled-java.jar, C:\typesafe-activator-1.3.5\activator-dist-1.3.5\repository\org.parboiled\parboiled-core\1.1.5\bundles\parboiled-core.jar, C:\typesafe-activator-1.3.5\activator-dist-1.3.5\repository\org.ow2.asm\asm\4.1\jars\asm.jar, C:\typesafe-activator-1.3.5\activator-dist-1.3.5\repository\org.ow2.asm\asm-tree\4.1\jars\asm-tree.jar, C:\typesafe-activator-1.3.5\activator-dist-1.3.5\repository\org.ow2.asm\asm-analysis\4.1\jars\asm-analysis.jar, C:\typesafe-activator-1.3.5\activator-dist-1.3.5\repository\org.ow2.asm\asm-util\4.1\jars\asm-util.jar, C:\typesafe-activator-1.3.5\activator-dist-1.3.5\repository\commons-io\commons-io\2.4\jars\commons-io.jar),List(),9000,DefaultWatchService,List(C:\github\just-play-scala\app-2.10, C:\github\just-play-scala\app, C:\github\just-play-scala\conf, C:\github\just-play-scala\app\assets, C:\github\just-play-scala\public),C:\github\just-play-scala\target,500,root/playForkNotifyStart,root/playForkReload,300000),scala.pickling.PicklerUnpickler$DelegatingPicklerUnpickler@1a0dcdc2),ForkConfig(C:\github\just-play-scala,List(),List(C:\Users\CSchackerl\.sbt\boot\scala-2.10.4\lib\scala-library.jar, C:\typesafe-activator-1.3.5\activator-dist-1.3.5\repository\com.typesafe.play\twirl-api_2.10\1.0.2\jars\twirl-api_2.10.jar, C:\Users\CSchackerl\.ivy2\cache\org.apache.commons\commons-lang3\jars\commons-lang3-3.1.jar, C:\Users\CSchackerl\.ivy2\cache\com.typesafe.play\play_2.10\jars\play_2.10-2.3.8.jar, C:\typesafe-activator-1.3.5\activator-dist-1.3.5\repository\com.typesafe.play\build-link\2.3.8\jars\build-link.jar, C:\typesafe-activator-1.3.5\activator-dist-1.3.5\repository\com.typesafe.play\play-exceptions\2.3.8\jars\play-exceptions.jar, C:\Users\CSchackerl\.ivy2\cache\org.javassist\javassist\bundles\javassist-3.18.2-GA.jar, C:\Users\CSchackerl\.ivy2\cache\com.typesafe.play\play-iteratees_2.10\jars\play-iteratees_2.10-2.3.8.jar, C:\Users\CSchackerl\.ivy2\cache\org.scala-stm\scala-stm_2.10\jars\scala-stm_2.10-0.7.jar, C:\Users\CSchackerl\.ivy2\cache\com.typesafe\config\bundles\config-1.2.1.jar, C:\Users\CSchackerl\.ivy2\cache\com.typesafe.play\play-json_2.10\jars\play-json_2.10-2.3.8.jar, C:\Users\CSchackerl\.ivy2\cache\com.typesafe.play\play-functional_2.10\jars\play-functional_2.10-2.3.8.jar, C:\Users\CSchackerl\.ivy2\cache\com.typesafe.play\play-datacommons_2.10\jars\play-datacommons_2.10-2.3.8.jar, C:\Users\CSchackerl\.ivy2\cache\joda-time\joda-time\jars\joda-time-2.3.jar, C:\Users\CSchackerl\.ivy2\cache\org.joda\joda-convert\jars\joda-convert-1.6.jar, C:\Users\CSchackerl\.ivy2\cache\com.fasterxml.jackson.core\jackson-annotations\bundles\jackson-annotations-2.3.2.jar, C:\Users\CSchackerl\.ivy2\cache\com.fasterxml.jackson.core\jackson-core\bundles\jackson-core-2.3.2.jar, C:\Users\CSchackerl\.ivy2\cache\com.fasterxml.jackson.core\jackson-databind\bundles\jackson-databind-2.3.2.jar, C:\Users\CSchackerl\.sbt\boot\scala-2.10.4\lib\scala-reflect.jar, C:\Users\CSchackerl\.ivy2\cache\io.netty\netty\bundles\netty-3.9.3.Final.jar, C:\Users\CSchackerl\.ivy2\cache\com.typesafe.netty\netty-http-pipelining\jars\netty-http-pipelining-1.1.2.jar, C:\Users\CSchackerl\.ivy2\cache\org.slf4j\slf4j-api\jars\slf4j-api-1.7.6.jar, C:\Users\CSchackerl\.ivy2\cache\org.slf4j\jul-to-slf4j\jars\jul-to-slf4j-1.7.6.jar, C:\Users\CSchackerl\.ivy2\cache\org.slf4j\jcl-over-slf4j\jars\jcl-over-slf4j-1.7.6.jar, C:\Users\CSchackerl\.ivy2\cache\ch.qos.logback\logback-core\jars\logback-core-1.1.1.jar, C:\Users\CSchackerl\.ivy2\cache\ch.qos.logback\logback-classic\jars\logback-classic-1.1.1.jar, C:\Users\CSchackerl\.ivy2\cache\com.typesafe.akka\akka-actor_2.10\jars\akka-actor_2.10-2.3.4.jar, C:\Users\CSchackerl\.ivy2\cache\com.typesafe.akka\akka-slf4j_2.10\jars\akka-slf4j_2.10-2.3.4.jar, C:\Users\CSchackerl\.ivy2\cache\commons-codec\commons-codec\jars\commons-codec-1.9.jar, C:\Users\CSchackerl\.ivy2\cache\xerces\xercesImpl\jars\xercesImpl-2.11.0.jar, C:\Users\CSchackerl\.ivy2\cache\xml-apis\xml-apis\jars\xml-apis-1.4.01.jar, C:\Users\CSchackerl\.ivy2\cache\javax.transaction\jta\jars\jta-1.1.jar),List((public/,C:\github\just-play-scala\target\web\public\main)),List(C:\Users\CSchackerl\.ivy2\cache\com.typesafe.play\play-docs_2.10\jars\play-docs_2.10-2.3.8.jar, C:\Users\CSchackerl\.sbt\boot\scala-2.10.4\lib\scala-library.jar, C:\Users\CSchackerl\.ivy2\cache\com.typesafe.play\play_2.10\jars\play_2.10-2.3.8.jar, C:\typesafe-activator-1.3.5\activator-dist-1.3.5\repository\com.typesafe.play\build-link\2.3.8\jars\build-link.jar, C:\typesafe-activator-1.3.5\activator-dist-1.3.5\repository\com.typesafe.play\play-exceptions\2.3.8\jars\play-exceptions.jar, C:\Users\CSchackerl\.ivy2\cache\org.javassist\javassist\bundles\javassist-3.18.2-GA.jar, C:\Users\CSchackerl\.ivy2\cache\com.typesafe.play\play-iteratees_2.10\jars\play-iteratees_2.10-2.3.8.jar, C:\Users\CSchackerl\.ivy2\cache\org.scala-stm\scala-stm_2.10\jars\scala-stm_2.10-0.7.jar, C:\Users\CSchackerl\.ivy2\cache\com.typesafe\config\bundles\config-1.2.1.jar, C:\Users\CSchackerl\.ivy2\cache\com.typesafe.play\play-json_2.10\jars\play-json_2.10-2.3.8.jar, C:\Users\CSchackerl\.ivy2\cache\com.typesafe.play\play-functional_2.10\jars\play-functional_2.10-2.3.8.jar, C:\Users\CSchackerl\.ivy2\cache\com.typesafe.play\play-datacommons_2.10\jars\play-datacommons_2.10-2.3.8.jar, C:\Users\CSchackerl\.ivy2\cache\joda-time\joda-time\jars\joda-time-2.3.jar, C:\Users\CSchackerl\.ivy2\cache\org.joda\joda-convert\jars\joda-convert-1.6.jar, C:\Users\CSchackerl\.ivy2\cache\com.fasterxml.jackson.core\jackson-annotations\bundles\jackson-annotations-2.3.2.jar, C:\Users\CSchackerl\.ivy2\cache\com.fasterxml.jackson.core\jackson-core\bundles\jackson-core-2.3.2.jar, C:\Users\CSchackerl\.ivy2\cache\com.fasterxml.jackson.core\jackson-databind\bundles\jackson-databind-2.3.2.jar, C:\Users\CSchackerl\.sbt\boot\scala-2.10.4\lib\scala-reflect.jar, C:\typesafe-activator-1.3.5\activator-dist-1.3.5\repository\com.typesafe.play\twirl-api_2.10\1.0.2\jars\twirl-api_2.10.jar, C:\Users\CSchackerl\.ivy2\cache\org.apache.commons\commons-lang3\jars\commons-lang3-3.1.jar, C:\Users\CSchackerl\.ivy2\cache\io.netty\netty\bundles\netty-3.9.3.Final.jar, C:\Users\CSchackerl\.ivy2\cache\com.typesafe.netty\netty-http-pipelining\jars\netty-http-pipelining-1.1.2.jar, C:\Users\CSchackerl\.ivy2\cache\org.slf4j\slf4j-api\jars\slf4j-api-1.7.6.jar, C:\Users\CSchackerl\.ivy2\cache\org.slf4j\jul-to-slf4j\jars\jul-to-slf4j-1.7.6.jar, C:\Users\CSchackerl\.ivy2\cache\org.slf4j\jcl-over-slf4j\jars\jcl-over-slf4j-1.7.6.jar, C:\Users\CSchackerl\.ivy2\cache\ch.qos.logback\logback-core\jars\logback-core-1.1.1.jar, C:\Users\CSchackerl\.ivy2\cache\ch.qos.logback\logback-classic\jars\logback-classic-1.1.1.jar, C:\Users\CSchackerl\.ivy2\cache\com.typesafe.akka\akka-actor_2.10\jars\akka-actor_2.10-2.3.4.jar, C:\Users\CSchackerl\.ivy2\cache\com.typesafe.akka\akka-slf4j_2.10\jars\akka-slf4j_2.10-2.3.4.jar, C:\Users\CSchackerl\.ivy2\cache\commons-codec\commons-codec\jars\commons-codec-1.9.jar, C:\Users\CSchackerl\.ivy2\cache\xerces\xercesImpl\jars\xercesImpl-2.11.0.jar, C:\Users\CSchackerl\.ivy2\cache\xml-apis\xml-apis\jars\xml-apis-1.4.01.jar, C:\Users\CSchackerl\.ivy2\cache\javax.transaction\jta\jars\jta-1.1.jar, C:\Users\CSchackerl\.ivy2\cache\com.typesafe.play\play-doc_2.10\jars\play-doc_2.10-1.1.0.jar, C:\typesafe-activator-1.3.5\activator-dist-1.3.5\repository\org.pegdown\pegdown\1.4.0\jars\pegdown.jar, C:\typesafe-activator-1.3.5\activator-dist-1.3.5\repository\org.parboiled\parboiled-java\1.1.5\bundles\parboiled-java.jar, C:\typesafe-activator-1.3.5\activator-dist-1.3.5\repository\org.parboiled\parboiled-core\1.1.5\bundles\parboiled-core.jar, C:\typesafe-activator-1.3.5\activator-dist-1.3.5\repository\org.ow2.asm\asm\4.1\jars\asm.jar, C:\typesafe-activator-1.3.5\activator-dist-1.3.5\repository\org.ow2.asm\asm-tree\4.1\jars\asm-tree.jar, C:\typesafe-activator-1.3.5\activator-dist-1.3.5\repository\org.ow2.asm\asm-analysis\4.1\jars\asm-analysis.jar, C:\typesafe-activator-1.3.5\activator-dist-1.3.5\repository\org.ow2.asm\asm-util\4.1\jars\asm-util.jar, C:\typesafe-activator-1.3.5\activator-dist-1.3.5\repository\commons-io\commons-io\2.4\jars\commons-io.jar),List(),9000,DefaultWatchService,List(C:\github\just-play-scala\app-2.10, C:\github\just-play-scala\app, C:\github\just-play-scala\conf, C:\github\just-play-scala\app\assets, C:\github\just-play-scala\public),C:\github\just-play-scala\target,500,root/playForkNotifyStart,root/playForkReload,300000))))
Sending msg to client play-fork-run-b5a3eb35-0b15-47bb-af89-c5b8c7a1dae9: TaskStarted(6,287,None)
Sending msg to client play-fork-run-b5a3eb35-0b15-47bb-af89-c5b8c7a1dae9: TaskFinished(6,287,None,true,None)
Sending msg to client play-fork-run-b5a3eb35-0b15-47bb-af89-c5b8c7a1dae9: TaskStarted(6,286,None)
Sending msg to client play-fork-run-b5a3eb35-0b15-47bb-af89-c5b8c7a1dae9: TaskFinished(6,286,None,true,None)
Sending msg to client play-fork-run-b5a3eb35-0b15-47bb-af89-c5b8c7a1dae9: DetachedLogEvent(LogMessage(debug,cancel strategy finish enabled=false lastCommand=Some(LastCommand(CommandExecutionWork(ExecutionId(6),{file:/C:/github/just-play-scala/}root/*:playForkConfig,Set(LiveClient(play-fork-run b5a3eb35-0b15-47bb-af89-c5b8c7a1dae9)),sbt.server.WorkCancellationStatus$$anon$1@1393fbc2)))))
Sending msg to client play-fork-run-b5a3eb35-0b15-47bb-af89-c5b8c7a1dae9: DetachedLogEvent(LogSuccess(Total time: 0 s, completed 21.07.2015 12:05:15))
Sending msg to client play-fork-run-b5a3eb35-0b15-47bb-af89-c5b8c7a1dae9: DetachedLogEvent(LogMessage(debug,> server-post-command-cleanup))
Sending msg to client play-fork-run-b5a3eb35-0b15-47bb-af89-c5b8c7a1dae9: ExecutionSuccess(6)
Sending msg to client play-fork-run-b5a3eb35-0b15-47bb-af89-c5b8c7a1dae9: DetachedLogEvent(LogMessage(debug,> server-handle-next-server-request))
Sending msg to client play-fork-run-b5a3eb35-0b15-47bb-af89-c5b8c7a1dae9: BackgroundJobLogEvent(1,LogMessage(info,))
Sending msg to client play-fork-run-b5a3eb35-0b15-47bb-af89-c5b8c7a1dae9: BackgroundJobLogEvent(1,LogMessage(info,--- (Running the application, auto-reloading is enabled) ---))
Sending msg to client play-fork-run-b5a3eb35-0b15-47bb-af89-c5b8c7a1dae9: BackgroundJobLogEvent(1,LogMessage(info,))
Sending msg to client play-fork-run-b5a3eb35-0b15-47bb-af89-c5b8c7a1dae9: BackgroundJobLogEvent(1,LogMessage(error,Play fork run has failed due to:))
Sending msg to client play-fork-run-b5a3eb35-0b15-47bb-af89-c5b8c7a1dae9: BackgroundJobLogEvent(1,LogMessage(error,java.lang.reflect.InvocationTargetException))
Sending msg to client play-fork-run-b5a3eb35-0b15-47bb-af89-c5b8c7a1dae9: BackgroundJobLogEvent(1,LogMessage(error,	at sun.reflect.NativeMethodAccessorImpl.invoke0(Native Method)))
Sending msg to client play-fork-run-b5a3eb35-0b15-47bb-af89-c5b8c7a1dae9: BackgroundJobLogEvent(1,LogMessage(error,	at sun.reflect.NativeMethodAccessorImpl.invoke(Unknown Source)))
Sending msg to client play-fork-run-b5a3eb35-0b15-47bb-af89-c5b8c7a1dae9: BackgroundJobLogEvent(1,LogMessage(error,	at sun.reflect.DelegatingMethodAccessorImpl.invoke(Unknown Source)))
Sending msg to client play-fork-run-b5a3eb35-0b15-47bb-af89-c5b8c7a1dae9: BackgroundJobLogEvent(1,LogMessage(error,	at java.lang.reflect.Method.invoke(Unknown Source)))
Sending msg to client play-fork-run-b5a3eb35-0b15-47bb-af89-c5b8c7a1dae9: BackgroundJobLogEvent(1,LogMessage(error,	at play.runsupport.Reloader$.startDevMode(Reloader.scala:197)))
Sending msg to client play-fork-run-b5a3eb35-0b15-47bb-af89-c5b8c7a1dae9: BackgroundJobLogEvent(1,LogMessage(error,	at play.forkrun.ForkRun$.startServer(ForkRun.scala:82)))
Sending msg to client play-fork-run-b5a3eb35-0b15-47bb-af89-c5b8c7a1dae9: BackgroundJobLogEvent(1,LogMessage(error,	at play.forkrun.ForkRun.run(ForkRun.scala:173)))
Sending msg to client play-fork-run-b5a3eb35-0b15-47bb-af89-c5b8c7a1dae9: BackgroundJobLogEvent(1,LogMessage(error,	at play.forkrun.ForkRun$$anonfun$settingUp$1.applyOrElse(ForkRun.scala:162)))
Sending msg to client play-fork-run-b5a3eb35-0b15-47bb-af89-c5b8c7a1dae9: BackgroundJobLogEvent(1,LogMessage(error,	at akka.actor.Actor$class.aroundReceive(Actor.scala:465)))
Sending msg to client play-fork-run-b5a3eb35-0b15-47bb-af89-c5b8c7a1dae9: BackgroundJobLogEvent(1,LogMessage(error,	at play.forkrun.ForkRun.aroundReceive(ForkRun.scala:148)))
Sending msg to client play-fork-run-b5a3eb35-0b15-47bb-af89-c5b8c7a1dae9: BackgroundJobLogEvent(1,LogMessage(error,	at akka.actor.ActorCell.receiveMessage(ActorCell.scala:516)))
Sending msg to client play-fork-run-b5a3eb35-0b15-47bb-af89-c5b8c7a1dae9: BackgroundJobLogEvent(1,LogMessage(error,	at akka.actor.ActorCell.invoke(ActorCell.scala:487)))
Sending msg to client play-fork-run-b5a3eb35-0b15-47bb-af89-c5b8c7a1dae9: BackgroundJobLogEvent(1,LogMessage(error,	at akka.dispatch.Mailbox.processMailbox(Mailbox.scala:254)))
Sending msg to client play-fork-run-b5a3eb35-0b15-47bb-af89-c5b8c7a1dae9: BackgroundJobLogEvent(1,LogMessage(error,	at akka.dispatch.Mailbox.run(Mailbox.scala:221)))
Sending msg to client play-fork-run-b5a3eb35-0b15-47bb-af89-c5b8c7a1dae9: BackgroundJobLogEvent(1,LogMessage(error,	at akka.dispatch.Mailbox.exec(Mailbox.scala:231)))
Sending msg to client play-fork-run-b5a3eb35-0b15-47bb-af89-c5b8c7a1dae9: BackgroundJobLogEvent(1,LogMessage(error,	at scala.concurrent.forkjoin.ForkJoinTask.doExec(ForkJoinTask.java:260)))
Sending msg to client play-fork-run-b5a3eb35-0b15-47bb-af89-c5b8c7a1dae9: BackgroundJobLogEvent(1,LogMessage(error,	at scala.concurrent.forkjoin.ForkJoinPool$WorkQueue.pollAndExecAll(ForkJoinPool.java:1253)))
Sending msg to client play-fork-run-b5a3eb35-0b15-47bb-af89-c5b8c7a1dae9: BackgroundJobLogEvent(1,LogMessage(error,	at scala.concurrent.forkjoin.ForkJoinPool$WorkQueue.runTask(ForkJoinPool.java:1346)))
Sending msg to client play-fork-run-b5a3eb35-0b15-47bb-af89-c5b8c7a1dae9: BackgroundJobLogEvent(1,LogMessage(error,	at scala.concurrent.forkjoin.ForkJoinPool.runWorker(ForkJoinPool.java:1979)))
Sending msg to client play-fork-run-b5a3eb35-0b15-47bb-af89-c5b8c7a1dae9: BackgroundJobLogEvent(1,LogMessage(error,	at scala.concurrent.forkjoin.ForkJoinWorkerThread.run(ForkJoinWorkerThread.java:107)))
Sending msg to client play-fork-run-b5a3eb35-0b15-47bb-af89-c5b8c7a1dae9: BackgroundJobLogEvent(1,LogMessage(error,Caused by: org.jboss.netty.channel.ChannelException: Failed to bind to: /0.0.0.0:9000))
Sending msg to client play-fork-run-b5a3eb35-0b15-47bb-af89-c5b8c7a1dae9: BackgroundJobLogEvent(1,LogMessage(error,	at org.jboss.netty.bootstrap.ServerBootstrap.bind(ServerBootstrap.java:272)))
Sending msg to client play-fork-run-b5a3eb35-0b15-47bb-af89-c5b8c7a1dae9: BackgroundJobLogEvent(1,LogMessage(error,	at play.core.server.NettyServer$$anonfun$8.apply(NettyServer.scala:138)))
Sending msg to client play-fork-run-b5a3eb35-0b15-47bb-af89-c5b8c7a1dae9: BackgroundJobLogEvent(1,LogMessage(error,	at play.core.server.NettyServer$$anonfun$8.apply(NettyServer.scala:135)))
Sending msg to client play-fork-run-b5a3eb35-0b15-47bb-af89-c5b8c7a1dae9: BackgroundJobLogEvent(1,LogMessage(error,	at scala.Option.map(Option.scala:145)))
Sending msg to client play-fork-run-b5a3eb35-0b15-47bb-af89-c5b8c7a1dae9: BackgroundJobLogEvent(1,LogMessage(error,	at play.core.server.NettyServer.<init>(NettyServer.scala:135)))
Sending msg to client play-fork-run-b5a3eb35-0b15-47bb-af89-c5b8c7a1dae9: BackgroundJobLogEvent(1,LogMessage(error,	at play.core.server.NettyServer$$anonfun$mainDev$1.apply(NettyServer.scala:320)))
Sending msg to client play-fork-run-b5a3eb35-0b15-47bb-af89-c5b8c7a1dae9: BackgroundJobLogEvent(1,LogMessage(error,	at play.core.server.NettyServer$$anonfun$mainDev$1.apply(NettyServer.scala:318)))
Sending msg to client play-fork-run-b5a3eb35-0b15-47bb-af89-c5b8c7a1dae9: BackgroundJobLogEvent(1,LogMessage(error,	at play.utils.Threads$.withContextClassLoader(Threads.scala:21)))
Sending msg to client play-fork-run-b5a3eb35-0b15-47bb-af89-c5b8c7a1dae9: BackgroundJobLogEvent(1,LogMessage(error,	at play.core.server.NettyServer$.mainDev(NettyServer.scala:317)))
Sending msg to client play-fork-run-b5a3eb35-0b15-47bb-af89-c5b8c7a1dae9: BackgroundJobLogEvent(1,LogMessage(error,	at play.core.server.NettyServer$.mainDevHttpMode(NettyServer.scala:313)))
Sending msg to client play-fork-run-b5a3eb35-0b15-47bb-af89-c5b8c7a1dae9: BackgroundJobLogEvent(1,LogMessage(error,	at play.core.server.NettyServer.mainDevHttpMode(NettyServer.scala)))
Sending msg to client play-fork-run-b5a3eb35-0b15-47bb-af89-c5b8c7a1dae9: BackgroundJobLogEvent(1,LogMessage(error,	... 20 more))
Sending msg to client play-fork-run-b5a3eb35-0b15-47bb-af89-c5b8c7a1dae9: BackgroundJobLogEvent(1,LogMessage(error,Caused by: java.net.BindException: Address already in use: bind))
Sending msg to client play-fork-run-b5a3eb35-0b15-47bb-af89-c5b8c7a1dae9: BackgroundJobLogEvent(1,LogMessage(error,	at sun.nio.ch.Net.bind0(Native Method)))
Sending msg to client play-fork-run-b5a3eb35-0b15-47bb-af89-c5b8c7a1dae9: BackgroundJobLogEvent(1,LogMessage(error,	at sun.nio.ch.Net.bind(Unknown Source)))
Sending msg to client play-fork-run-b5a3eb35-0b15-47bb-af89-c5b8c7a1dae9: BackgroundJobLogEvent(1,LogMessage(error,	at sun.nio.ch.Net.bind(Unknown Source)))
Sending msg to client play-fork-run-b5a3eb35-0b15-47bb-af89-c5b8c7a1dae9: BackgroundJobLogEvent(1,LogMessage(error,	at sun.nio.ch.ServerSocketChannelImpl.bind(Unknown Source)))
Sending msg to client play-fork-run-b5a3eb35-0b15-47bb-af89-c5b8c7a1dae9: BackgroundJobLogEvent(1,LogMessage(error,	at sun.nio.ch.ServerSocketAdaptor.bind(Unknown Source)))
Sending msg to client play-fork-run-b5a3eb35-0b15-47bb-af89-c5b8c7a1dae9: BackgroundJobLogEvent(1,LogMessage(error,	at org.jboss.netty.channel.socket.nio.NioServerBoss$RegisterTask.run(NioServerBoss.java:193)))
Sending msg to client play-fork-run-b5a3eb35-0b15-47bb-af89-c5b8c7a1dae9: BackgroundJobLogEvent(1,LogMessage(error,	at org.jboss.netty.channel.socket.nio.AbstractNioSelector.processTaskQueue(AbstractNioSelector.java:372)))
Sending msg to client play-fork-run-b5a3eb35-0b15-47bb-af89-c5b8c7a1dae9: BackgroundJobLogEvent(1,LogMessage(error,	at org.jboss.netty.channel.socket.nio.AbstractNioSelector.run(AbstractNioSelector.java:296)))
Sending msg to client play-fork-run-b5a3eb35-0b15-47bb-af89-c5b8c7a1dae9: BackgroundJobLogEvent(1,LogMessage(error,	at org.jboss.netty.channel.socket.nio.NioServerBoss.run(NioServerBoss.java:42)))
Sending msg to client play-fork-run-b5a3eb35-0b15-47bb-af89-c5b8c7a1dae9: BackgroundJobLogEvent(1,LogMessage(error,	at org.jboss.netty.util.ThreadRenamingRunnable.run(ThreadRenamingRunnable.java:108)))
Sending msg to client play-fork-run-b5a3eb35-0b15-47bb-af89-c5b8c7a1dae9: BackgroundJobLogEvent(1,LogMessage(error,	at org.jboss.netty.util.internal.DeadLockProofWorker$1.run(DeadLockProofWorker.java:42)))
Sending msg to client play-fork-run-b5a3eb35-0b15-47bb-af89-c5b8c7a1dae9: BackgroundJobLogEvent(1,LogMessage(error,	at java.util.concurrent.ThreadPoolExecutor.runWorker(Unknown Source)))
Sending msg to client play-fork-run-b5a3eb35-0b15-47bb-af89-c5b8c7a1dae9: BackgroundJobLogEvent(1,LogMessage(error,	at java.util.concurrent.ThreadPoolExecutor$Worker.run(Unknown Source)))
Sending msg to client play-fork-run-b5a3eb35-0b15-47bb-af89-c5b8c7a1dae9: BackgroundJobLogEvent(1,LogMessage(error,	at java.lang.Thread.run(Unknown Source)))
Got request: UnlistenToEvents()
Reading next message from client.
Sending msg to client play-fork-run-b5a3eb35-0b15-47bb-af89-c5b8c7a1dae9: (8,ReceivedResponse())
Got request: UnlistenToValue(AttributeKey[play.forkrun.protocol.ForkConfig]("playForkConfig") in Scope(Build: file:/C:/github/just-play-scala/, , Project: ProjectReference(file:/C:/github/just-play-scala/,root)))
Reading next message from client.
Client play-fork-run-b5a3eb35-0b15-47bb-af89-c5b8c7a1dae9 EOF, shutting down.
Stopping client.
Client play-fork-run-b5a3eb35-0b15-47bb-af89-c5b8c7a1dae9 thread exiting.
Dropping message (9,ReceivedResponse()) to dead client play-fork-run-b5a3eb35-0b15-47bb-af89-c5b8c7a1dae9
Dropping message (0,ReceivedResponse()) to dead client play-fork-run-b5a3eb35-0b15-47bb-af89-c5b8c7a1dae9
